{"numFailedTestSuites":1,"numFailedTests":3,"numPassedTestSuites":0,"numPassedTests":0,"numPendingTestSuites":0,"numPendingTests":0,"numRuntimeErrorTestSuites":0,"numTodoTests":0,"numTotalTestSuites":1,"numTotalTests":3,"openHandles":[],"snapshot":{"added":0,"didUpdate":false,"failure":false,"filesAdded":0,"filesRemoved":0,"filesRemovedList":[],"filesUnmatched":0,"filesUpdated":0,"matched":0,"total":0,"unchecked":0,"uncheckedKeysByFile":[],"unmatched":0,"updated":0},"startTime":1769886324727,"success":false,"testResults":[{"assertionResults":[{"ancestorTitles":["Auth Flow (e2e)"],"duration":531,"failing":false,"failureDetails":[{}],"failureMessages":["Error: expected 200 \"OK\", got 201 \"Created\"\n    at Object.<anonymous> (C:\\Users\\HP\\Desktop\\medisafe-patient-backend\\test\\auth-flow.e2e-spec.ts:47:8)\n    at processTicksAndRejections (node:internal/process/task_queues:95:5)\n----\n    at Test._assertStatus (C:\\Users\\HP\\Desktop\\medisafe-patient-backend\\node_modules\\supertest\\lib\\test.js:309:14)\n    at C:\\Users\\HP\\Desktop\\medisafe-patient-backend\\node_modules\\supertest\\lib\\test.js:365:13\n    at Test._assertFunction (C:\\Users\\HP\\Desktop\\medisafe-patient-backend\\node_modules\\supertest\\lib\\test.js:342:13)\n    at Test.assert (C:\\Users\\HP\\Desktop\\medisafe-patient-backend\\node_modules\\supertest\\lib\\test.js:195:23)\n    at localAssert (C:\\Users\\HP\\Desktop\\medisafe-patient-backend\\node_modules\\supertest\\lib\\test.js:138:14)\n    at Server.<anonymous> (C:\\Users\\HP\\Desktop\\medisafe-patient-backend\\node_modules\\supertest\\lib\\test.js:152:11)\n    at Object.onceWrapper (node:events:638:28)\n    at Server.emit (node:events:524:28)\n    at emitCloseNT (node:net:2344:8)\n    at processTicksAndRejections (node:internal/process/task_queues:81:21)"],"fullName":"Auth Flow (e2e) should register and login with phone number only","invocations":1,"location":null,"numPassingAsserts":0,"retryReasons":[],"startAt":1769886326352,"status":"failed","title":"should register and login with phone number only"},{"ancestorTitles":["Auth Flow (e2e)"],"duration":217,"failing":false,"failureDetails":[{}],"failureMessages":["Error: expected 200 \"OK\", got 201 \"Created\"\n    at Object.<anonymous> (C:\\Users\\HP\\Desktop\\medisafe-patient-backend\\test\\auth-flow.e2e-spec.ts:76:8)\n    at processTicksAndRejections (node:internal/process/task_queues:95:5)\n----\n    at Test._assertStatus (C:\\Users\\HP\\Desktop\\medisafe-patient-backend\\node_modules\\supertest\\lib\\test.js:309:14)\n    at C:\\Users\\HP\\Desktop\\medisafe-patient-backend\\node_modules\\supertest\\lib\\test.js:365:13\n    at Test._assertFunction (C:\\Users\\HP\\Desktop\\medisafe-patient-backend\\node_modules\\supertest\\lib\\test.js:342:13)\n    at Test.assert (C:\\Users\\HP\\Desktop\\medisafe-patient-backend\\node_modules\\supertest\\lib\\test.js:195:23)\n    at localAssert (C:\\Users\\HP\\Desktop\\medisafe-patient-backend\\node_modules\\supertest\\lib\\test.js:138:14)\n    at Server.<anonymous> (C:\\Users\\HP\\Desktop\\medisafe-patient-backend\\node_modules\\supertest\\lib\\test.js:152:11)\n    at Object.onceWrapper (node:events:638:28)\n    at Server.emit (node:events:524:28)\n    at emitCloseNT (node:net:2344:8)\n    at processTicksAndRejections (node:internal/process/task_queues:81:21)"],"fullName":"Auth Flow (e2e) should register with email and login with username","invocations":1,"location":null,"numPassingAsserts":0,"retryReasons":[],"startAt":1769886326884,"status":"failed","title":"should register with email and login with username"},{"ancestorTitles":["Auth Flow (e2e)"],"duration":230,"failing":false,"failureDetails":[{}],"failureMessages":["Error: expected 200 \"OK\", got 201 \"Created\"\n    at Object.<anonymous> (C:\\Users\\HP\\Desktop\\medisafe-patient-backend\\test\\auth-flow.e2e-spec.ts:101:8)\n    at processTicksAndRejections (node:internal/process/task_queues:95:5)\n----\n    at Test._assertStatus (C:\\Users\\HP\\Desktop\\medisafe-patient-backend\\node_modules\\supertest\\lib\\test.js:309:14)\n    at C:\\Users\\HP\\Desktop\\medisafe-patient-backend\\node_modules\\supertest\\lib\\test.js:365:13\n    at Test._assertFunction (C:\\Users\\HP\\Desktop\\medisafe-patient-backend\\node_modules\\supertest\\lib\\test.js:342:13)\n    at Test.assert (C:\\Users\\HP\\Desktop\\medisafe-patient-backend\\node_modules\\supertest\\lib\\test.js:195:23)\n    at localAssert (C:\\Users\\HP\\Desktop\\medisafe-patient-backend\\node_modules\\supertest\\lib\\test.js:138:14)\n    at Server.<anonymous> (C:\\Users\\HP\\Desktop\\medisafe-patient-backend\\node_modules\\supertest\\lib\\test.js:152:11)\n    at Object.onceWrapper (node:events:638:28)\n    at Server.emit (node:events:524:28)\n    at emitCloseNT (node:net:2344:8)\n    at processTicksAndRejections (node:internal/process/task_queues:81:21)"],"fullName":"Auth Flow (e2e) should login with email","invocations":1,"location":null,"numPassingAsserts":0,"retryReasons":[],"startAt":1769886327102,"status":"failed","title":"should login with email"}],"endTime":1769886327345,"message":"\u001b[1m\u001b[31m  \u001b[1m● \u001b[22m\u001b[1mAuth Flow (e2e) › should register and login with phone number only\u001b[39m\u001b[22m\n\n    expected 200 \"OK\", got 201 \"Created\"\n\u001b[2m\u001b[22m\n\u001b[2m    \u001b[0m \u001b[90m 45 |\u001b[39m         password\u001b[33m:\u001b[39m \u001b[32m'password123'\u001b[39m\u001b[33m,\u001b[39m\u001b[22m\n\u001b[2m     \u001b[90m 46 |\u001b[39m       })\u001b[22m\n\u001b[2m    \u001b[31m\u001b[1m>\u001b[22m\u001b[2m\u001b[39m\u001b[90m 47 |\u001b[39m       \u001b[33m.\u001b[39mexpect(\u001b[35m200\u001b[39m)\u001b[33m;\u001b[39m\u001b[22m\n\u001b[2m     \u001b[90m    |\u001b[39m        \u001b[31m\u001b[1m^\u001b[22m\u001b[2m\u001b[39m\u001b[22m\n\u001b[2m     \u001b[90m 48 |\u001b[39m\u001b[22m\n\u001b[2m     \u001b[90m 49 |\u001b[39m     expect(loginResponse\u001b[33m.\u001b[39mbody\u001b[33m.\u001b[39maccess_token)\u001b[33m.\u001b[39mtoBeDefined()\u001b[33m;\u001b[39m\u001b[22m\n\u001b[2m     \u001b[90m 50 |\u001b[39m     expect(loginResponse\u001b[33m.\u001b[39mbody\u001b[33m.\u001b[39mpatient\u001b[33m.\u001b[39mphone_number)\u001b[33m.\u001b[39mtoBe(uniquePhone)\u001b[33m;\u001b[39m\u001b[0m\u001b[22m\n\u001b[2m\u001b[22m\n\u001b[2m      \u001b[2mat Object.<anonymous> (\u001b[22m\u001b[2m\u001b[0m\u001b[36mauth-flow.e2e-spec.ts\u001b[39m\u001b[0m\u001b[2m:47:8)\u001b[22m\u001b[2m\u001b[22m\n\u001b[2m      ----\u001b[22m\n\u001b[2m      \u001b[2mat Test._assertStatus (\u001b[22m\u001b[2m../node_modules/supertest/lib/test.js\u001b[2m:309:14)\u001b[22m\u001b[2m\u001b[22m\n\u001b[2m      \u001b[2mat \u001b[22m\u001b[2m../node_modules/supertest/lib/test.js\u001b[2m:365:13\u001b[22m\u001b[2m\u001b[22m\n\u001b[2m      \u001b[2mat Test._assertFunction (\u001b[22m\u001b[2m../node_modules/supertest/lib/test.js\u001b[2m:342:13)\u001b[22m\u001b[2m\u001b[22m\n\u001b[2m      \u001b[2mat Test.assert (\u001b[22m\u001b[2m../node_modules/supertest/lib/test.js\u001b[2m:195:23)\u001b[22m\u001b[2m\u001b[22m\n\u001b[2m      \u001b[2mat localAssert (\u001b[22m\u001b[2m../node_modules/supertest/lib/test.js\u001b[2m:138:14)\u001b[22m\u001b[2m\u001b[22m\n\u001b[2m      \u001b[2mat Server.<anonymous> (\u001b[22m\u001b[2m../node_modules/supertest/lib/test.js\u001b[2m:152:11)\u001b[22m\u001b[2m\u001b[22m\n\n\u001b[1m\u001b[31m  \u001b[1m● \u001b[22m\u001b[1mAuth Flow (e2e) › should register with email and login with username\u001b[39m\u001b[22m\n\n    expected 200 \"OK\", got 201 \"Created\"\n\u001b[2m\u001b[22m\n\u001b[2m    \u001b[0m \u001b[90m 74 |\u001b[39m         password\u001b[33m:\u001b[39m \u001b[32m'password123'\u001b[39m\u001b[33m,\u001b[39m\u001b[22m\n\u001b[2m     \u001b[90m 75 |\u001b[39m       })\u001b[22m\n\u001b[2m    \u001b[31m\u001b[1m>\u001b[22m\u001b[2m\u001b[39m\u001b[90m 76 |\u001b[39m       \u001b[33m.\u001b[39mexpect(\u001b[35m200\u001b[39m)\u001b[33m;\u001b[39m\u001b[22m\n\u001b[2m     \u001b[90m    |\u001b[39m        \u001b[31m\u001b[1m^\u001b[22m\u001b[2m\u001b[39m\u001b[22m\n\u001b[2m     \u001b[90m 77 |\u001b[39m\u001b[22m\n\u001b[2m     \u001b[90m 78 |\u001b[39m     expect(loginResponse\u001b[33m.\u001b[39mbody\u001b[33m.\u001b[39maccess_token)\u001b[33m.\u001b[39mtoBeDefined()\u001b[33m;\u001b[39m\u001b[22m\n\u001b[2m     \u001b[90m 79 |\u001b[39m   })\u001b[33m;\u001b[39m\u001b[0m\u001b[22m\n\u001b[2m\u001b[22m\n\u001b[2m      \u001b[2mat Object.<anonymous> (\u001b[22m\u001b[2m\u001b[0m\u001b[36mauth-flow.e2e-spec.ts\u001b[39m\u001b[0m\u001b[2m:76:8)\u001b[22m\u001b[2m\u001b[22m\n\u001b[2m      ----\u001b[22m\n\u001b[2m      \u001b[2mat Test._assertStatus (\u001b[22m\u001b[2m../node_modules/supertest/lib/test.js\u001b[2m:309:14)\u001b[22m\u001b[2m\u001b[22m\n\u001b[2m      \u001b[2mat \u001b[22m\u001b[2m../node_modules/supertest/lib/test.js\u001b[2m:365:13\u001b[22m\u001b[2m\u001b[22m\n\u001b[2m      \u001b[2mat Test._assertFunction (\u001b[22m\u001b[2m../node_modules/supertest/lib/test.js\u001b[2m:342:13)\u001b[22m\u001b[2m\u001b[22m\n\u001b[2m      \u001b[2mat Test.assert (\u001b[22m\u001b[2m../node_modules/supertest/lib/test.js\u001b[2m:195:23)\u001b[22m\u001b[2m\u001b[22m\n\u001b[2m      \u001b[2mat localAssert (\u001b[22m\u001b[2m../node_modules/supertest/lib/test.js\u001b[2m:138:14)\u001b[22m\u001b[2m\u001b[22m\n\u001b[2m      \u001b[2mat Server.<anonymous> (\u001b[22m\u001b[2m../node_modules/supertest/lib/test.js\u001b[2m:152:11)\u001b[22m\u001b[2m\u001b[22m\n\n\u001b[1m\u001b[31m  \u001b[1m● \u001b[22m\u001b[1mAuth Flow (e2e) › should login with email\u001b[39m\u001b[22m\n\n    expected 200 \"OK\", got 201 \"Created\"\n\u001b[2m\u001b[22m\n\u001b[2m    \u001b[0m \u001b[90m  99 |\u001b[39m         password\u001b[33m:\u001b[39m \u001b[32m'password123'\u001b[39m\u001b[33m,\u001b[39m\u001b[22m\n\u001b[2m     \u001b[90m 100 |\u001b[39m       })\u001b[22m\n\u001b[2m    \u001b[31m\u001b[1m>\u001b[22m\u001b[2m\u001b[39m\u001b[90m 101 |\u001b[39m       \u001b[33m.\u001b[39mexpect(\u001b[35m200\u001b[39m)\u001b[33m;\u001b[39m\u001b[22m\n\u001b[2m     \u001b[90m     |\u001b[39m        \u001b[31m\u001b[1m^\u001b[22m\u001b[2m\u001b[39m\u001b[22m\n\u001b[2m     \u001b[90m 102 |\u001b[39m\u001b[22m\n\u001b[2m     \u001b[90m 103 |\u001b[39m     expect(loginResponse\u001b[33m.\u001b[39mbody\u001b[33m.\u001b[39maccess_token)\u001b[33m.\u001b[39mtoBeDefined()\u001b[33m;\u001b[39m\u001b[22m\n\u001b[2m     \u001b[90m 104 |\u001b[39m   })\u001b[33m;\u001b[39m\u001b[0m\u001b[22m\n\u001b[2m\u001b[22m\n\u001b[2m      \u001b[2mat Object.<anonymous> (\u001b[22m\u001b[2m\u001b[0m\u001b[36mauth-flow.e2e-spec.ts\u001b[39m\u001b[0m\u001b[2m:101:8)\u001b[22m\u001b[2m\u001b[22m\n\u001b[2m      ----\u001b[22m\n\u001b[2m      \u001b[2mat Test._assertStatus (\u001b[22m\u001b[2m../node_modules/supertest/lib/test.js\u001b[2m:309:14)\u001b[22m\u001b[2m\u001b[22m\n\u001b[2m      \u001b[2mat \u001b[22m\u001b[2m../node_modules/supertest/lib/test.js\u001b[2m:365:13\u001b[22m\u001b[2m\u001b[22m\n\u001b[2m      \u001b[2mat Test._assertFunction (\u001b[22m\u001b[2m../node_modules/supertest/lib/test.js\u001b[2m:342:13)\u001b[22m\u001b[2m\u001b[22m\n\u001b[2m      \u001b[2mat Test.assert (\u001b[22m\u001b[2m../node_modules/supertest/lib/test.js\u001b[2m:195:23)\u001b[22m\u001b[2m\u001b[22m\n\u001b[2m      \u001b[2mat localAssert (\u001b[22m\u001b[2m../node_modules/supertest/lib/test.js\u001b[2m:138:14)\u001b[22m\u001b[2m\u001b[22m\n\u001b[2m      \u001b[2mat Server.<anonymous> (\u001b[22m\u001b[2m../node_modules/supertest/lib/test.js\u001b[2m:152:11)\u001b[22m\u001b[2m\u001b[22m\n","name":"C:\\Users\\HP\\Desktop\\medisafe-patient-backend\\test\\auth-flow.e2e-spec.ts","startTime":1769886324940,"status":"failed","summary":""}],"wasInterrupted":false}
